// 重构日志: bf6c1bf0
// 重构日志: 6c8dc976
// 重构日志: f95d1998
// 重构日志: b70ddd86
// 重构日志: 57bf24af
// 重构日志: 19700148
// 重构日志: a8426185
// 同步 ID: 9dfa9567 @ Wed Jul  8 00:36:58 UTC 2026
// 重构日志: 42bea501
// 重构日志: 65eec0f1
// 重构日志: 3d22aacd
// 同步 ID: 5306ecf8 @ Sat Jul 11 09:18:28 UTC 2026
// 同步 ID: 153777df @ Sat Jul 11 11:30:20 UTC 2026
// 同步 ID: 69d55c07 @ Sat Jul 11 16:05:45 UTC 2026
// 重构日志: 4451071c
// 同步 ID: e787290a @ Sun Jul 12 04:43:56 UTC 2026
// 重构日志: 42324981
// 同步 ID: 3991530e @ Sun Jul 12 17:30:16 UTC 2026
// 重构日志: d2d833da
// 同步 ID: 108ad369 @ Tue Jul 14 04:29:06 UTC 2026
// 重构日志: 381226e3
// 同步 ID: 73c68be8 @ Tue Jul 14 16:48:00 UTC 2026
// 重构日志: b645e34c
// 重构日志: 3685f053
// 重构日志: d8441076
// 重构日志: adac8c70
// 重构日志: 42b6194b
// 同步 ID: 7faac835 @ Thu Jul 16 23:49:05 UTC 2026
// 重构日志: d2edf53e
// 同步 ID: 3173a7f0 @ Fri Jul 17 14:20:31 UTC 2026
// 重构日志: 4bc681be
